BGP数据集无向图:
	0.619	0.582	0.638	0.584	0.634	0.571	0.639	0.519	0.513
运行一个随机性更强、更正确的版本，BGP数据集有向图转无向图:
	0.639	0.589	0.655	0.581	0.651	0.587	0.647	0.518	0.529
BGP数据集DAGNN模型有向图转无向图:
bgp	0.604
SSN2数据集在所有模型上的指标结果，有向图转无向图:
ssn2	0.476	0.661

SSN2数据集在所有模型上的指标结果，有向图转无向图:
ssn2	0.474	0.475	0.474	0.474	0.527	0.474	OOM	0.474	0.644SSN2数据集在所有模型上的指标结果，有向图转无向图:
ssn2	0.475	0.475	0.475	0.475	0.53	0.475	OOM	0.475	0.475	0.659
SSN2数据集在所有模型上的指标结果，有向图转无向图:
ssn2SSN2数据集在所有模型上的指标结果，有向图转无向图:
ssn2SSN2数据集在所有模型上的指标结果，有向图转无向图:
ssn2	0.471	0.471	0.471	0.471	0.523	0.471	OOM	0.471	0.471	0.663
SSN2数据集在所有模型上的指标结果，有向图转无向图:
ssn2SSN2数据集在所有模型上的指标结果，有向图转无向图:
ssn2SSN2数据集在所有模型上的指标结果，有向图转无向图:
ssn2	0.669SSN2数据集修bug后在全部模型上的结果，有向图转无向图:
ssn2	0.878	0.875	0.874	0.881	0.88	0.868	OOM	0.873	0.559	0.881

SSN3数据集在全部模型上的结果，有向图转无向图:
ssn3	0.772	0.832	0.767	0.681	0.792	0.778	0.767	0.826	0.67	0.832
SSN4数据集在全部模型上的结果，有向图转无向图:
ssn4	0.871	0.851	0.874	0.872	0.858	0.867	0.88	0.82	0.864	0.876
SSN系数据集-修改edge_index重跑代码，有向图转无向图:
ssn1	0.876	0.878	0.878	0.882	0.877	0.876	OOM	0.876	0.674	0.887
ssn2	0.881	0.881	0.876	0.881	0.87	0.875	OOM	0.871	0.538	0.887
ssn3	0.801	0.862	0.807	0.788	0.751	0.832	0.798	0.861	0.759	0.88
ssn4	0.87	0.865	0.878	0.873	0.832	0.875	0.877	0.874	0.875	0.886

SSN6有向图转无向图:
ssn6SSN6有向图转无向图:
ssn6	0.837	0.873	0.871	0.873	0.861	0.87	0.866	0.868	0.876	0.883

SSN7有向图转无向图:
ssn7	0.475	0.482	0.475	0.475	0.562	0.475	0.475	0.475	0.475	0.868

SSN7修bug后：有向图转无向图:
ssn7	0.745	0.836	0.851	0.846	0.831	0.856	0.85	0.839	0.863	0.879
