BGP数据集有向图:
	0.635	0.544	0.658	0.573	0.648	0.527	0.656	0.564	0.378
BGP-full数据集将指标改为F1_micro与原论文作对比（有向图）:
BGP-full数据集将指标改为F1_micro，split划分改为7-1-2与原论文作对比（有向图）:
	0.43	0.342	0.412	0.362

BGP-full数据集将指标改为F1_micro，split划分改为7-1-2与原论文作对比（有向图）:
	0.637	0.544	0.656	0.571	0.653	0.64	0.65	0.574	0.319

BGP-full数据集将指标改为F1_micro，split划分改为7-1-2与原论文作对比（无向图）:
	0.622	0.58	0.636	0.511	0.625	0.627	0.642	0.493	0.52

BGP-full数据集将指标改为F1_micro，split划分改为7-1-2与原论文作对比（无向图）:
	0.646	0.586	0.655	0.617	0.652	0.498	0.654	0.519	0.517
	
测试新写法:
测试新写法:
测试新写法:
	2.804	2.64
测试新写法:
测试新写法:
	2.53	2.764测试新写法:
测试新写法:
	0.635	0.583	0.65	0.606	0.638	0.57	0.643	0.503	0.531

运行一个随机性更强、更正确的版本，BGP数据集有向图:
	0.638	0.554	0.646	0.571	0.642	0.54	0.653	0.588	0.319
ssn1数据集有向图:
	0.877	0.85	0.877	0.854	0.881	0.86	0.882	0.868	0.877
	
ssn1数据集有向图转无向图:
	0.876	0.872	0.878	0.877	0.876	0.871	0.877	0.878	0.88
