dataset_name    MLP GCN GraphSAGE   GAT GGNN    APPNP   C&S
lr0.01+epoch300+10+初始模型，转换为无向图:
Github	0.848	0.865	0.854	0.853	0.867	0.851	0.861
cora	0.71	0.877	0.856	0.862	0.872	0.845	0.881
Elliptic	0.953	0.944	0.963	0.956	0.981	0.95	0.957
Film	0.337	0.294	0.327	0.278	0.348	0.312	0.22
CiteSeer	0.698	0.749	0.745	0.748	0.756	0.754	0.766
PubMed	0.869	0.874	0.879	0.866	0.86	0.887	0.872

dataset_name    APPNP   C&S
修改APPNP和C&S的参数，lr0.01+epoch300+10，转换为无向图:
Github	0.861	0.864
cora	0.87	0.864
Elliptic	0.942	0.963
Film	0.306	0.236
CiteSeer	0.752	0.763
PubMed	0.876	0.887

dataset_name    APPNP
修改APPNP模型（结果应该与之前的写法相同或近似），lr0.01+epoch300+10，转换为无向图:
Github	0.862
cora	0.88
Elliptic	0.942
Film	0.311
CiteSeer	0.751
PubMed	0.878
