ACC早停+行归一化，有向图:
Github	0.821	0.82	0.809	0.81	0.762	0.815	0.823	0.792	0.823
cora	0.47	0.705	0.735	0.817	0.693	0.568	0.795	0.556	0.861
Elliptic	0.903	0.903	0.903	0.902	0.903	0.903	0.902	0.904	0.912
Film	0.303	0.266	0.301	0.265	0.275	0.274	0.299	0.296	0.261
CiteSeer	0.604	0.543	0.663	0.548	0.574	0.498	0.648	0.598	0.744
PubMed	0.656	0.577	0.681	0.663	0.762	0.682	0.676	0.777	0.841
Wiki	0.707	0.553	0.815	0.54	0.832	0.546	0.801	0.239	0.577
Clothing	0.642	0.37	0.718	0.259	0.756	0.403	OOM	0.114	0.753
Eletronics	0.709	0.45	0.742	0.393	0.743	0.59	OOM	0.046	0.687
Dblp	0.038	0.053	0.081	0.065	0.143	0.063	OOM	0.041	0.401
Yelpchi	0.861	0.855	0.863	OOM	0.857	0.857	0.862	0.855	0.858
Alpha	0.933	0.938	0.939	0.935	0.934	0.934	0.936	0.935	0.935
Weibo	0.93	0.955	0.953	0.937	0.98	0.948	0.964	0.941	0.949
DAGNN模型有向图转无向图:
Github	0.869
Elliptic	0.967
Film	0.326
Wiki	0.096
Alpha	0.936
