所有模型，所有数据集，无向图，5-2-3, 10次平均:
	MLP	GCN	GraphSAGE	GAT	GGNN	APPNPStack	GraphSAGE2	PTA	DAGNN	C&S	
cora	0.702	0.866	0.867	0.863	0.871	0.872	0.861	0.875	0.879	0.864
citeseer	0.702	0.754	0.757	0.747	0.745	0.75	0.737	0.764	0.761	0.742
pubmed	0.696	0.64	0.772	0.679	0.807	0.681	0.824	0.862	0.877	0.834
Github	0.856	0.85	0.861	0.844	0.864	0.844	OOM	0.838	0.845	0.826
Elliptic	0.855	0.815	0.857	0.856	0.908	0.805	0.86	0.781	0.825	0.846
Film	0.319	0.267	0.315	0.273	0.3	0.273	0.312	0.3	0.297	0.279
Wiki	0.799	0.729	0.815	0.733	0.824	0.725	0.799	0.61	0.08	0.688
Clothing	0.718	0.733	0.764	0.73	0.759	0.752	OOM	0.746	0.745	0.76
Electronics	0.723	0.642	0.735	0.639	0.732	0.644	OOM	0.707	0.648	0.685
Dblp	0.289	0.431	0.401	0.406	0.387	0.426	OOM	0.411	0.424	0.423
Yelpchi	0.86	0.856	0.858	OOM	0.861	0.857	0.858	0.855	0.855	0.858
Alpha	0.935	0.935	0.924	0.93	0.928	0.933	0.903	0.933	0.934	0.933
Weibo	0.965	0.978	0.977	0.982	0.983	0.979	0.978	0.975	0.877	0.964
bgp	0.635	0.542	0.645	0.564	0.648	0.545	0.652	0.583	0.615	0.328
ssn5	0.721	0.799	0.803	0.809	0.742	0.771	0.815	0.673	0.805	0.801
ssn7	0.747	0.797	0.802	0.805	0.819	0.792	0.802	0.782	0.796	0.805
chameleon	0.58	0.618	0.603	0.632	0.645	0.563	0.614	0.56	0.565	0.563
squirrel	0.373	0.388	0.41	0.517	0.456	0.371	0.422	0.364	0.379	0.359
Aids	0.98	0.669	0.989	0.707	0.999	0.667	0.994	0.679	0.622	0.759
Nba	0.684	0.734	0.686	0.614	0.603	0.684	0.694	0.667	0.497	0.6
Wisconsin	0.747	0.437	0.743	0.461	0.741	0.469	0.741	0.447	0.494	0.643
Texas	0.524	0.4	0.632	0.497	0.618	0.5	0.666	0.524	0.561	0.503
Cornell	0.558	0.353	0.579	0.458	0.584	0.479	0.639	0.621	0.611	0.413
Pokec_z	0.576	0.587	0.59	0.565	0.596	0.575	0.595	0.517	0.517	0.538
ogbn_arxiv	0.539	0.594	0.603	0.606	0.614	0.579	0.6	0.477	0.527	0.617


SuperGAT，所有数据集，保持原边方向，5-2-3, 只跑1次:
cora	0.842
citeseer	0.742
pubmed	0.626
Github	0.845
Elliptic	0.803
Film	0.284
Wiki	0.291
Clothing	OOM
Electronics	OOM
Dblp	OOM
Yelpchi	OOM
Alpha	0.927
Weibo	0.928
bgp	0.482
ssn5	0.789
ssn7	0.794
chameleon	0.439
squirrel	0.224
Aids	0.627
Nba	0.625
Wisconsin	0.529
Texas	0.632
Cornell	0.579
Pokec_z	0.512
ogbn_arxiv	OOM


SuperGAT，所有数据集，有向图转为无向图，5-2-3, 10种数据划分:
cora
SuperGAT，所有数据集，保持原边方向，5-2-3, 10种数据划分:
cora	0.868
citeseer	0.754
pubmed	0.75
Github	0.847
Elliptic	0.805
Film	0.278
Wiki	0.137
Clothing	0.596
Electronics	OOM
Dblp	OOM
Yelpchi	OOM
Alpha	0.938
Weibo	0.909
bgp	0.494
ssn5	0.703
ssn7	0.776
chameleon	0.39
squirrel	0.23
Aids	0.624
Nba	0.494
Wisconsin	0.532
Texas	0.539
Cornell	0.523
Pokec_z	0.493
ogbn_arxiv	OOM


Elliptic，所有模型，不改变边方向，5-2-3, 10种数据划分:
	MLP	GCN	GraphSAGE	GAT	GGNN	APPNPStack	GraphSAGE2	PTA	DAGNN	SuperGAT	C&S	
Elliptic	0.95	0.92	0.946	0.954	0.976	0.91	0.954	0.912	0.927	0.897	0.943

